2021/03/18 13:45:44 Starting OSGeo4W install, version 2.579
2021/03/18 13:45:44 using locales .1250
2021/03/18 13:45:44 io_stream_cygfile: fopen(/etc/setup/setup.rc) failed 2 No such file or directory
2021/03/18 13:45:44 Current Directory: C:\Users\Martin\AppData\Local\Temp
2021/03/18 13:45:44 Root Directory: C:\OSGeo4W64
2021/03/18 13:45:44 Could not open service McShield for query, start and stop. McAfee may not be installed, or we don't have access.
2021/03/18 13:45:58 source: network install
2021/03/18 13:46:39 root: S:\Software\OSGeo4W
2021/03/18 13:46:43 Selected local directory: C:\Users\Martin\AppData\Local\Temp
2021/03/18 13:46:43 Menu name: OSGeo4W
2021/03/18 13:46:46 net: Direct
2021/03/18 13:46:55 site: http://download.osgeo.org/osgeo4w/
2021/03/18 13:46:55 io_stream_cygfile: fopen(/etc/setup/installed.db) failed 2 No such file or directory
2021/03/18 13:46:56 io_stream_cygfile: fopen(/etc/setup/timestamp) failed 2 No such file or directory
2021/03/18 13:49:19 Adding required dependency msvcrt2015: Selecting version 2.0-2 for installation.
2021/03/18 13:49:19 Adding required dependency proj-datumgrid: Selecting version 1.8-1 for installation.
2021/03/18 13:49:19 Adding required dependency proj-hpgn: Selecting version 1.0-1 for installation.
2021/03/18 13:49:20 Downloaded C:\Users\Martin\AppData\Local\Temp/http%3a%2f%2fdownload.osgeo.org%2fosgeo4w%2f/x86_64/release/msvcrt/msvcrt2015/msvcrt2015-2.0-2.tar.bz2
2021/03/18 13:49:23 Downloaded C:\Users\Martin\AppData\Local\Temp/http%3a%2f%2fdownload.osgeo.org%2fosgeo4w%2f/x86_64/release/proj/proj-6.3.2-1.tar.bz2
2021/03/18 13:49:28 Downloaded C:\Users\Martin\AppData\Local\Temp/http%3a%2f%2fdownload.osgeo.org%2fosgeo4w%2f/x86_64/release/proj/proj-datumgrid/proj-datumgrid-1.8-1.tar.bz2
2021/03/18 13:49:29 Downloaded C:\Users\Martin\AppData\Local\Temp/http%3a%2f%2fdownload.osgeo.org%2fosgeo4w%2f/x86_64/release/proj/proj-hpgn/proj-hpgn-1.0-1.tar.bz2
2021/03/18 13:49:29 error: Environment variable 'PATH' length exceeds 1024; running with %WINDIR%\system32;%WINDIR%;%WINDIR%\wbem
2021/03/18 13:49:29 Extracting from file://C:\Users\Martin\AppData\Local\Temp/http%3a%2f%2fdownload.osgeo.org%2fosgeo4w%2f/x86_64/release/msvcrt/msvcrt2015/msvcrt2015-2.0-2.tar.bz2
2021/03/18 13:49:29 Extracting from file://C:\Users\Martin\AppData\Local\Temp/http%3a%2f%2fdownload.osgeo.org%2fosgeo4w%2f/x86_64/release/proj/proj-6.3.2-1.tar.bz2
2021/03/18 13:49:30 Extracting from file://C:\Users\Martin\AppData\Local\Temp/http%3a%2f%2fdownload.osgeo.org%2fosgeo4w%2f/x86_64/release/proj/proj-datumgrid/proj-datumgrid-1.8-1.tar.bz2
2021/03/18 13:49:30 Extracting from file://C:\Users\Martin\AppData\Local\Temp/http%3a%2f%2fdownload.osgeo.org%2fosgeo4w%2f/x86_64/release/proj/proj-hpgn/proj-hpgn-1.0-1.tar.bz2
2021/03/18 13:49:33 note: Installation Complete
2021/03/18 13:49:33 Ending OSGeo4W install
